2025-11-13 11:02:34 INFO Upgrade-Vip: GOOGLE_API_KEY loaded successfully.
2025-11-13 11:02:34 INFO chromadb.telemetry.product.posthog: Anonymized telemetry enabled. See                     https://docs.trychroma.com/telemetry for more information.
2025-11-13 11:03:22 INFO Upgrade-Vip: \U0001f4cb Chunk 1: ----
================== UPGRADEVIP SERVICES IN DETAIL with links and description  ========================
This section answers: detailed services, service descriptions, links to services, service details, more info on services, service explanations, service source links, UpgradeVIP links, detailed descriptions, service information, complete service details, service breakdown, in-depth services, comprehensive service info, service documentation, service references, detailed offerings, service specifications, thorough service details, extensive service information.
2025-11-13 11:03:22 INFO Upgrade-Vip: \U0001f4cb Chunk 2: === LEGAL INFORMATION - COPYRIGHT & TRADEMARK ===

This section answers: copyright, copyright notice, copyright statement, copyright information, copyright policy, intellectual property, rights reserved, legal rights, trademark, trademark policy, usage rights, usage restrictions, company rights, VIPnow Ltd rights, upgradeVIP trademark, upgradeVIP copyright, registered trademark, all rights reserved, 2015–2025, distribute content, commercially exploit, express written permission, transmit content, stored in website, electronic retrieval system, authorization, legal disclaimer, terms of use, usage terms.

Copyright, trademark, usage rights, restrictions:
- upgradeVIP® is a registered trademark of VIPnow Ltd.  
- Copyright © VIPnow Ltd. All rights reserved, 2015–2025.  
- Content may not be distributed or commercially exploited without express written permission.  
- Content may not be transmitted or stored in any other website or electronic retrieval system without authorization.
2025-11-13 11:04:05 INFO Upgrade-Vip: \U0001f4cb Chunk 1: ----
================== UPGRADEVIP SERVICES IN DETAIL with links and description  ========================
This section answers: detailed services, service descriptions, links to services, service details, more info on services, service explanations, service source links, UpgradeVIP links, detailed descriptions, service information, complete service details, service breakdown, in-depth services, comprehensive service info, service documentation, service references, detailed offerings, service specifications, thorough service details, extensive service information.
2025-11-13 11:04:05 INFO Upgrade-Vip: \U0001f4cb Chunk 2: **Hotel Booking Contact:** For hotel bookings or book a hotel, email avip@upgradevip.com or WhatsApp +44 7414 246103.  
**Tour Booking Contact:** For tour bookings or book a tour, email avip@upgradevip.com or WhatsApp +44 7414 246103.  
**Bodyguard Service Contact:** For bodyguard services or hire a bodyguard, email avip@upgradevip.com or WhatsApp +44 7414 246103.  
**Helicopter Charter Contact:** For helicopter bookings or private helicopter charter, email avip@upgradevip.com or WhatsApp +44 7414 246103.  
**Private Jet Charter Contact:** For private jet or charter bookings, email avip@upgradevip.com or WhatsApp +44 7414 246103.

---
2025-11-13 11:07:08 INFO Upgrade-Vip: GOOGLE_API_KEY loaded successfully.
2025-11-13 11:08:27 INFO Upgrade-Vip: GOOGLE_API_KEY loaded successfully.
2025-11-13 11:08:27 INFO chromadb.telemetry.product.posthog: Anonymized telemetry enabled. See                     https://docs.trychroma.com/telemetry for more information.
2025-11-13 11:08:37 INFO Upgrade-Vip: \U0001f4cb Chunk 1: ----
================== UPGRADEVIP SERVICES IN DETAIL with links and description  ========================
This section answers: detailed services, service descriptions, links to services, service details, more info on services, service explanations, service source links, UpgradeVIP links, detailed descriptions, service information, complete service details, service breakdown, in-depth services, comprehensive service info, service documentation, service references, detailed offerings, service specifications, thorough service details, extensive service information.
2025-11-13 11:08:37 INFO Upgrade-Vip: \U0001f4cb Chunk 2: === LEGAL INFORMATION - COPYRIGHT & TRADEMARK ===

This section answers: copyright, copyright notice, copyright statement, copyright information, copyright policy, intellectual property, rights reserved, legal rights, trademark, trademark policy, usage rights, usage restrictions, company rights, VIPnow Ltd rights, upgradeVIP trademark, upgradeVIP copyright, registered trademark, all rights reserved, 2015–2025, distribute content, commercially exploit, express written permission, transmit content, stored in website, electronic retrieval system, authorization, legal disclaimer, terms of use, usage terms.

Copyright, trademark, usage rights, restrictions:
- upgradeVIP® is a registered trademark of VIPnow Ltd.  
- Copyright © VIPnow Ltd. All rights reserved, 2015–2025.  
- Content may not be distributed or commercially exploited without express written permission.  
- Content may not be transmitted or stored in any other website or electronic retrieval system without authorization.
